C:\USERS\XULINGFENG\DOCUMENTS\VISUAL STUDIO 2010\PROJECTS\TOPCODER\DEBUG\TOPCODER.EXE
C:\USERS\XULINGFENG\DOCUMENTS\VISUAL STUDIO 2010\PROJECTS\TOPCODER\DEBUG\TOPCODER.ILK
C:\USERS\XULINGFENG\DOCUMENTS\VISUAL STUDIO 2010\PROJECTS\TOPCODER\DEBUG\TOPCODER.PDB
C:\Users\xulingfeng\documents\visual studio 2010\Projects\topcoder\topcoder\Debug\cl.command.1.tlog
C:\Users\xulingfeng\documents\visual studio 2010\Projects\topcoder\topcoder\Debug\CL.read.1.tlog
C:\Users\xulingfeng\documents\visual studio 2010\Projects\topcoder\topcoder\Debug\CL.write.1.tlog
C:\Users\xulingfeng\documents\visual studio 2010\Projects\topcoder\topcoder\Debug\link.1796.read.1.tlog
C:\Users\xulingfeng\documents\visual studio 2010\Projects\topcoder\topcoder\Debug\link.1796.write.1.tlog
C:\Users\xulingfeng\documents\visual studio 2010\Projects\topcoder\topcoder\Debug\link.1796-cvtres.read.1.tlog
C:\Users\xulingfeng\documents\visual studio 2010\Projects\topcoder\topcoder\Debug\link.1796-cvtres.write.1.tlog
C:\Users\xulingfeng\documents\visual studio 2010\Projects\topcoder\topcoder\Debug\link.2544.read.1.tlog
C:\Users\xulingfeng\documents\visual studio 2010\Projects\topcoder\topcoder\Debug\link.2544.write.1.tlog
C:\Users\xulingfeng\documents\visual studio 2010\Projects\topcoder\topcoder\Debug\link.2544-cvtres.read.1.tlog
C:\Users\xulingfeng\documents\visual studio 2010\Projects\topcoder\topcoder\Debug\link.2544-cvtres.write.1.tlog
C:\Users\xulingfeng\documents\visual studio 2010\Projects\topcoder\topcoder\Debug\link.2844.read.1.tlog
C:\Users\xulingfeng\documents\visual studio 2010\Projects\topcoder\topcoder\Debug\link.2844.write.1.tlog
C:\Users\xulingfeng\documents\visual studio 2010\Projects\topcoder\topcoder\Debug\link.2844-cvtres.read.1.tlog
C:\Users\xulingfeng\documents\visual studio 2010\Projects\topcoder\topcoder\Debug\link.2844-cvtres.write.1.tlog
C:\Users\xulingfeng\documents\visual studio 2010\Projects\topcoder\topcoder\Debug\link.4016.read.1.tlog
C:\Users\xulingfeng\documents\visual studio 2010\Projects\topcoder\topcoder\Debug\link.4016.write.1.tlog
C:\Users\xulingfeng\documents\visual studio 2010\Projects\topcoder\topcoder\Debug\link.4016-cvtres.read.1.tlog
C:\Users\xulingfeng\documents\visual studio 2010\Projects\topcoder\topcoder\Debug\link.4016-cvtres.write.1.tlog
C:\Users\xulingfeng\documents\visual studio 2010\Projects\topcoder\topcoder\Debug\link.6104.read.1.tlog
C:\Users\xulingfeng\documents\visual studio 2010\Projects\topcoder\topcoder\Debug\link.6104.write.1.tlog
C:\Users\xulingfeng\documents\visual studio 2010\Projects\topcoder\topcoder\Debug\link.6104-cvtres.read.1.tlog
C:\Users\xulingfeng\documents\visual studio 2010\Projects\topcoder\topcoder\Debug\link.6104-cvtres.write.1.tlog
C:\Users\xulingfeng\documents\visual studio 2010\Projects\topcoder\topcoder\Debug\link.7908.read.1.tlog
C:\Users\xulingfeng\documents\visual studio 2010\Projects\topcoder\topcoder\Debug\link.7908.write.1.tlog
C:\Users\xulingfeng\documents\visual studio 2010\Projects\topcoder\topcoder\Debug\link.7908-cvtres.read.1.tlog
C:\Users\xulingfeng\documents\visual studio 2010\Projects\topcoder\topcoder\Debug\link.7908-cvtres.write.1.tlog
C:\Users\xulingfeng\documents\visual studio 2010\Projects\topcoder\topcoder\Debug\link.command.1.tlog
C:\Users\xulingfeng\documents\visual studio 2010\Projects\topcoder\topcoder\Debug\link.read.1.tlog
C:\Users\xulingfeng\documents\visual studio 2010\Projects\topcoder\topcoder\Debug\link.write.1.tlog
C:\Users\xulingfeng\documents\visual studio 2010\Projects\topcoder\topcoder\Debug\link-cvtres.read.1.tlog
C:\Users\xulingfeng\documents\visual studio 2010\Projects\topcoder\topcoder\Debug\link-cvtres.write.1.tlog
C:\Users\xulingfeng\documents\visual studio 2010\Projects\topcoder\topcoder\Debug\mt.command.1.tlog
C:\Users\xulingfeng\documents\visual studio 2010\Projects\topcoder\topcoder\Debug\mt.read.1.tlog
C:\Users\xulingfeng\documents\visual studio 2010\Projects\topcoder\topcoder\Debug\mt.write.1.tlog
C:\Users\xulingfeng\documents\visual studio 2010\Projects\topcoder\topcoder\Debug\rc.command.1.tlog
C:\Users\xulingfeng\documents\visual studio 2010\Projects\topcoder\topcoder\Debug\rc.read.1.tlog
C:\Users\xulingfeng\documents\visual studio 2010\Projects\topcoder\topcoder\Debug\rc.write.1.tlog
C:\USERS\XULINGFENG\DOCUMENTS\VISUAL STUDIO 2010\PROJECTS\TOPCODER\TOPCODER\DEBUG\STDAFX.OBJ
C:\USERS\XULINGFENG\DOCUMENTS\VISUAL STUDIO 2010\PROJECTS\TOPCODER\TOPCODER\DEBUG\TOPCODER.EXE.EMBED.MANIFEST
C:\USERS\XULINGFENG\DOCUMENTS\VISUAL STUDIO 2010\PROJECTS\TOPCODER\TOPCODER\DEBUG\TOPCODER.EXE.EMBED.MANIFEST.RES
C:\USERS\XULINGFENG\DOCUMENTS\VISUAL STUDIO 2010\PROJECTS\TOPCODER\TOPCODER\DEBUG\TOPCODER.EXE.INTERMEDIATE.MANIFEST
C:\USERS\XULINGFENG\DOCUMENTS\VISUAL STUDIO 2010\PROJECTS\TOPCODER\TOPCODER\DEBUG\TOPCODER.OBJ
C:\USERS\XULINGFENG\DOCUMENTS\VISUAL STUDIO 2010\PROJECTS\TOPCODER\TOPCODER\DEBUG\TOPCODER.PCH
C:\USERS\XULINGFENG\DOCUMENTS\VISUAL STUDIO 2010\PROJECTS\TOPCODER\TOPCODER\DEBUG\TOPCODER.RES
C:\Users\xulingfeng\documents\visual studio 2010\Projects\topcoder\topcoder\Debug\topcoder.vcxprojResolveAssemblyReference.cache
C:\Users\xulingfeng\documents\visual studio 2010\Projects\topcoder\topcoder\Debug\topcoder.write.1.tlog
C:\Users\xulingfeng\documents\visual studio 2010\Projects\topcoder\topcoder\Debug\topcoder_manifest.rc
C:\USERS\XULINGFENG\DOCUMENTS\VISUAL STUDIO 2010\PROJECTS\TOPCODER\TOPCODER\DEBUG\TOPCODERDLG.OBJ
C:\USERS\XULINGFENG\DOCUMENTS\VISUAL STUDIO 2010\PROJECTS\TOPCODER\TOPCODER\DEBUG\USER.OBJ
C:\Users\xulingfeng\documents\visual studio 2010\Projects\topcoder\topcoder\Debug\vc100.idb
C:\USERS\XULINGFENG\DOCUMENTS\VISUAL STUDIO 2010\PROJECTS\TOPCODER\TOPCODER\DEBUG\VC100.PDB
