生成启动时间为 2018/5/21 10:52:47。
     1>项目“c:\Users\xulingfeng\documents\visual studio 2010\Projects\topcoder\topcoder\topcoder.vcxproj”在节点 2 上(build 个目标)。
     1>InitializeBuildStatus:
         正在对“x64\Debug\topcoder.unsuccessfulbuild”执行 Touch 任务。
       ClCompile:
         所有输出均为最新。
         所有输出均为最新。
       ResourceCompile:
         所有输出均为最新。
       ManifestResourceCompile:
         所有输出均为最新。
       Link:
         E:\Program Files (x86)\Microsoft Visual Studio 10.0\VC\bin\x86_amd64\link.exe /ERRORREPORT:PROMPT /OUT:"c:\users\xulingfeng\documents\visual studio 2010\Projects\topcoder\x64\Debug\topcoder.exe" /INCREMENTAL /NOLOGO /LIBPATH:"C:\Users\xulingfeng\Documents\Visual Studio 2010\Projects\topcoder\lib" termb.lib /MANIFEST /ManifestFile:"x64\Debug\topcoder.exe.intermediate.manifest" /MANIFESTUAC:"level='asInvoker' uiAccess='false'" /DEBUG /PDB:"c:\users\xulingfeng\documents\visual studio 2010\Projects\topcoder\x64\Debug\topcoder.pdb" /SUBSYSTEM:WINDOWS /TLBID:1 /ENTRY:"wWinMainCRTStartup" /DYNAMICBASE /NXCOMPAT /IMPLIB:"c:\users\xulingfeng\documents\visual studio 2010\Projects\topcoder\x64\Debug\topcoder.lib" /MACHINE:X64 x64\Debug\topcoder.res
         x64\Debug\topcoder.exe.embed.manifest.res
         x64\Debug\stdafx.obj
         x64\Debug\topcoder.obj
         x64\Debug\topcoderDlg.obj
     1>topcoderDlg.obj : error LNK2019: 无法解析的外部符号 __imp_InitComm，该符号在函数 "public: void __cdecl CtopcoderDlg::OnBnClickedButton2(void)" (?OnBnClickedButton2@CtopcoderDlg@@QEAAXXZ) 中被引用
     1>c:\users\xulingfeng\documents\visual studio 2010\Projects\topcoder\x64\Debug\topcoder.exe : fatal error LNK1120: 1 个无法解析的外部命令
     1>已完成生成项目“c:\Users\xulingfeng\documents\visual studio 2010\Projects\topcoder\topcoder\topcoder.vcxproj”(build 个目标)的操作 - 失败。

生成失败。

已用时间 00:00:00.37
